<?xml version="1.0" encoding="UTF-8"?>
<!-- Generated by org.testng.reporters.JUnitXMLReporter -->
<testsuite hostname="Vinodh" name="Test" tests="7" failures="4" timestamp="19 Feb 2017 08:02:13 GMT" time="27.854" errors="0">
  <testcase name="@BeforeClass before" time="0.0" classname="com.amazon.test.GiftCardPageTest">
    <failure type="java.lang.NullPointerException">
      <![CDATA[java.lang.NullPointerException
	at com.google.common.base.Preconditions.checkNotNull(Preconditions.java:210)
	at org.openqa.selenium.support.ui.FluentWait.<init>(FluentWait.java:95)
	at org.openqa.selenium.support.ui.WebDriverWait.<init>(WebDriverWait.java:71)
	at org.openqa.selenium.support.ui.WebDriverWait.<init>(WebDriverWait.java:45)
	at com.amazon.page.HomePage.ClickGiftPage(HomePage.java:52)
	at com.amazon.test.GiftCardPageTest.before(GiftCardPageTest.java:17)
... Removed 25 stack frames]]>
    </failure>
  </testcase> <!-- @BeforeClass before -->
  <testcase name="testLogint" time="13.448" classname="com.amazon.test.siginPageTest"/>
  <testcase name="testLogint" time="13.109" classname="com.amazon.test.siginPageTest"/>
  <testcase name="GiftCardClick" time="0.001" classname="com.amazon.test.HomePageTest">
    <failure type="java.lang.NullPointerException">
      <![CDATA[java.lang.NullPointerException
	at com.google.common.base.Preconditions.checkNotNull(Preconditions.java:210)
	at org.openqa.selenium.support.ui.FluentWait.<init>(FluentWait.java:95)
	at org.openqa.selenium.support.ui.WebDriverWait.<init>(WebDriverWait.java:71)
	at org.openqa.selenium.support.ui.WebDriverWait.<init>(WebDriverWait.java:45)
	at com.amazon.page.HomePage.ClickGiftPage(HomePage.java:52)
	at com.amazon.test.HomePageTest.GiftCardClick(HomePageTest.java:42)
... Removed 25 stack frames]]>
    </failure>
  </testcase> <!-- GiftCardClick -->
  <testcase name="SiginClick" time="0.004" classname="com.amazon.test.HomePageTest">
    <failure type="java.lang.NullPointerException">
      <![CDATA[java.lang.NullPointerException
	at com.google.common.base.Preconditions.checkNotNull(Preconditions.java:210)
	at org.openqa.selenium.support.ui.FluentWait.<init>(FluentWait.java:95)
	at org.openqa.selenium.support.ui.WebDriverWait.<init>(WebDriverWait.java:71)
	at org.openqa.selenium.support.ui.WebDriverWait.<init>(WebDriverWait.java:45)
	at com.amazon.page.HomePage.ClickSiginPage(HomePage.java:41)
	at com.amazon.test.HomePageTest.SiginClick(HomePageTest.java:35)
... Removed 25 stack frames]]>
    </failure>
  </testcase> <!-- SiginClick -->
  <testcase name="testnavlinks" time="0.002" classname="com.amazon.test.HomePageTest">
    <failure type="java.lang.NullPointerException">
      <![CDATA[java.lang.NullPointerException
	at com.amazon.page.HomePage.HeaderNavLinks(HomePage.java:21)
	at com.amazon.test.HomePageTest.testnavlinks(HomePageTest.java:23)
... Removed 25 stack frames]]>
    </failure>
  </testcase> <!-- testnavlinks -->
  <testcase name="testserachbox" time="0.004" classname="com.amazon.test.HomePageTest">
    <failure type="java.lang.NullPointerException">
      <![CDATA[java.lang.NullPointerException
	at com.amazon.page.HomePage.searchbox(HomePage.java:28)
	at com.amazon.test.HomePageTest.testserachbox(HomePageTest.java:30)
... Removed 25 stack frames]]>
    </failure>
  </testcase> <!-- testserachbox -->
  <testcase name="testLogint" time="0.002" classname="com.amazon.test.GiftCardPageTest">
    <skipped/>
  </testcase> <!-- testLogint -->
</testsuite> <!-- Test -->
